{
  "stats": {
    "suites": 1,
    "tests": 1,
    "passes": 1,
    "pending": 0,
    "failures": 0,
    "start": "2021-05-27T22:44:03.098Z",
    "end": "2021-05-27T22:44:10.131Z",
    "duration": 7033,
    "testsRegistered": 1,
    "passPercent": 100,
    "pendingPercent": 0,
    "other": 0,
    "hasOther": false,
    "skipped": 0,
    "hasSkipped": false
  },
  "results": [
    {
      "uuid": "bdac6fdf-6f2d-4fd8-8608-f8e99ce0e089",
      "title": "",
      "fullFile": "cypress/integration/articles.spec.js",
      "file": "cypress/integration/articles.spec.js",
      "beforeHooks": [],
      "afterHooks": [],
      "tests": [],
      "suites": [
        {
          "uuid": "b6503261-73fe-4347-9fa4-8dd9707af99b",
          "title": "Autenticação",
          "fullFile": "",
          "file": "",
          "beforeHooks": [],
          "afterHooks": [],
          "tests": [
            {
              "title": "Criar um novo artigo",
              "fullTitle": "Autenticação Criar um novo artigo",
              "timedOut": null,
              "duration": 6917,
              "state": "passed",
              "speed": "slow",
              "pass": true,
              "fail": false,
              "pending": false,
              "context": null,
              "code": "/* ==== Generated with Cypress Studio ==== */\ncy.login();\ncy.get('a[href$=editor]').click();\ncy.get('input[placeholder=\"Article title\"').type('Article Title');\ncy.get('input[placeholder=\"What is this article about?\"]').type('About nothing');\ncy.get('form textarea').type('Teste');\ncy.get('input[placeholder=\"Enter tags\"]').type('Article Title');\ncy.get('button.btn-primary').click();\ncy.get('h1').should('contain.text', 'Article Title');\n/* ==== End Cypress Studio ==== */",
              "err": {},
              "uuid": "de66110d-1f0d-4d72-9c25-93b10f211c40",
              "parentUUID": "b6503261-73fe-4347-9fa4-8dd9707af99b",
              "isHook": false,
              "skipped": false
            }
          ],
          "suites": [],
          "passes": [
            "de66110d-1f0d-4d72-9c25-93b10f211c40"
          ],
          "failures": [],
          "pending": [],
          "skipped": [],
          "duration": 6917,
          "root": false,
          "rootEmpty": false,
          "_timeout": 2000
        }
      ],
      "passes": [],
      "failures": [],
      "pending": [],
      "skipped": [],
      "duration": 0,
      "root": true,
      "rootEmpty": true,
      "_timeout": 2000
    }
  ],
  "meta": {
    "mocha": {
      "version": "7.0.1"
    },
    "mochawesome": {
      "options": {
        "quiet": true,
        "reportFilename": "mochawesome",
        "saveHtml": false,
        "saveJson": true,
        "consoleReporter": "spec",
        "useInlineDiffs": false,
        "code": true
      },
      "version": "6.2.2"
    },
    "marge": {
      "options": {
        "id": "default",
        "reportDir": "mochawesome-report",
        "quiet": true,
        "overwrite": false,
        "html": false,
        "json": true
      },
      "version": "5.2.0"
    }
  }
}